<?xml version="1.0" encoding="UTF-8"?>
<!-- Generated by org.testng.reporters.JUnitReportReporter -->
<testsuite hostname="DESKTOP-ABA0OKH" failures="0" tests="1" name="mavenproject.staging.SeleniumTest" time="0.017" errors="0" timestamp="2022-03-01T18:47:57 IST" skipped="0">
  <testcase classname="mavenproject.staging.SeleniumTest" name="selnium" time="0.017"/>
  <system-out/>
</testsuite> <!-- mavenproject.staging.SeleniumTest -->
