<?xml version="1.0" encoding="UTF-8"?>
<!-- Generated by org.testng.reporters.JUnitReportReporter -->
<testsuite skipped="0" hostname="DESKTOP-ABA0OKH" name="mavenproject.staging.SeleniumTest" tests="1" failures="0" timestamp="2022-03-02T16:59:01 IST" time="0.011" errors="0">
  <testcase name="selnium" time="0.011" classname="mavenproject.staging.SeleniumTest"/>
  <system-out/>
</testsuite> <!-- mavenproject.staging.SeleniumTest -->
